Arguments: 
  /usr/local/bin/node /usr/local/Cellar/yarn/1.22.17_2/libexec/bin/yarn.js add -D @semantic-release

PATH: 
  /Users/vel/.rvm/gems/ruby-2.7.6/bin:/Users/vel/.rvm/gems/ruby-2.7.6@global/bin:/Users/vel/.rvm/rubies/ruby-2.7.6/bin:/Users/vel/workspace/flutter/bin:/Users/vel/bin:/Users/vel/Library/Android/sdk/platform-tools:/usr/local/bin:/usr/bin:/bin:/usr/sbin:/sbin:/Applications/VMware Fusion.app/Contents/Public:/Library/Apple/usr/bin:/Users/vel/.rvm/gems/ruby-2.7.6/bin:/Users/vel/.rvm/gems/ruby-2.7.6@global/bin:/Users/vel/.rvm/rubies/ruby-2.7.6/bin:/Users/vel/workspace/flutter/bin:/Users/vel/bin:/Users/vel/Library/Android/sdk/platform-tools:/Users/vel/.rvm/bin:/Users/vel/workspace/depot_tools:/Users/vel/.rvm/bin:/Users/vel/workspace/depot_tools

Yarn version: 
  1.22.17

Node version: 
  18.2.0

Platform: 
  darwin x64

Trace: 
  Error: https://registry.yarnpkg.com/@semantic-release: Request "https://registry.yarnpkg.com/@semantic-release" returned a 405
      at params.callback [as _callback] (/usr/local/Cellar/yarn/1.22.17_2/libexec/lib/cli.js:67038:18)
      at self.callback (/usr/local/Cellar/yarn/1.22.17_2/libexec/lib/cli.js:140883:22)
      at Request.emit (node:events:527:28)
      at Request.<anonymous> (/usr/local/Cellar/yarn/1.22.17_2/libexec/lib/cli.js:141855:10)
      at Request.emit (node:events:527:28)
      at IncomingMessage.<anonymous> (/usr/local/Cellar/yarn/1.22.17_2/libexec/lib/cli.js:141777:12)
      at Object.onceWrapper (node:events:641:28)
      at IncomingMessage.emit (node:events:539:35)
      at endReadableNT (node:internal/streams/readable:1344:12)
      at process.processTicksAndRejections (node:internal/process/task_queues:82:21)

npm manifest: 
  {
    "name": "@qlik/carboncopy",
    "version": "1.0.0",
    "repository": "git@github.com:vcellu/CarbonTemplate.git",
    "author": "Vittorio Cellucci <vel@qlik.com>",
    "license": "MIT",
    "bin": {
      "create-carbon-copy": "bin/index.sh"
    }
  }

yarn manifest: 
  No manifest

Lockfile: 
  No lockfile
